<?xml version="1.0" encoding="UTF-8"?>
<!-- Generated by org.testng.reporters.JUnitReportReporter -->
<testsuite hostname="ELF-27HarshithaG" failures="0" tests="1" name="users.TC_001" time="46.906" errors="0" timestamp="2022-03-03T09:20:45 IST" skipped="0">
  <testcase classname="users.TC_001" name="reports" time="46.906"/>
  <system-out/>
</testsuite> <!-- users.TC_001 -->
