<?xml version="1.0" encoding="UTF-8"?>
<!-- Generated by org.testng.reporters.JUnitReportReporter -->
<testsuite hostname="ELF-27HarshithaG" failures="0" tests="1" name="users.TC_002" time="27.812" errors="0" timestamp="2022-03-02T23:00:29 IST" skipped="0">
  <testcase classname="users.TC_002" name="reports" time="27.812"/>
  <system-out/>
</testsuite> <!-- users.TC_002 -->
